This is pdfTeX, Version 3.1415926-2.3-1.40.12 (MiKTeX 2.9) (preloaded format=pdflatex 2012.1.31)  31 JAN 2012 12:33
entering extended mode
**\documentclass{article}

*\usepackage{amsmath}
("C:\Program Files\MiKTeX 2.9\tex\latex\base\article.cls"
Document Class: article 2007/10/19 v1.4h Standard LaTeX document class
("C:\Program Files\MiKTeX 2.9\tex\latex\base\size10.clo"
File: size10.clo 2007/10/19 v1.4h Standard LaTeX file (size option)
)
\c@part=\count79
\c@section=\count80
\c@subsection=\count81
\c@subsubsection=\count82
\c@paragraph=\count83
\c@subparagraph=\count84
\c@figure=\count85
\c@table=\count86
\abovecaptionskip=\skip41
\belowcaptionskip=\skip42
\bibindent=\dimen102
)
*\begin {document}
("C:\Program Files\MiKTeX 2.9\tex\latex\ams\math\amsmath.sty"
Package: amsmath 2000/07/18 v2.13 AMS math features
\@mathmargin=\skip43

For additional information on amsmath, use the `?' option.
("C:\Program Files\MiKTeX 2.9\tex\latex\ams\math\amstext.sty"
Package: amstext 2000/06/29 v2.01

("C:\Program Files\MiKTeX 2.9\tex\latex\ams\math\amsgen.sty"
File: amsgen.sty 1999/11/30 v2.0
\@emptytoks=\toks14
\ex@=\dimen103
))
("C:\Program Files\MiKTeX 2.9\tex\latex\ams\math\amsbsy.sty"
Package: amsbsy 1999/11/29 v1.2d
\pmbraise@=\dimen104
)
("C:\Program Files\MiKTeX 2.9\tex\latex\ams\math\amsopn.sty"
Package: amsopn 1999/12/14 v2.01 operator names
)
\inf@bad=\count87
LaTeX Info: Redefining \frac on input line 211.
\uproot@=\count88
\leftroot@=\count89
LaTeX Info: Redefining \overline on input line 307.
\classnum@=\count90
\DOTSCASE@=\count91
LaTeX Info: Redefining \ldots on input line 379.
LaTeX Info: Redefining \dots on input line 382.
LaTeX Info: Redefining \cdots on input line 467.
\Mathstrutbox@=\box26
\strutbox@=\box27
\big@size=\dimen105
LaTeX Font Info:    Redeclaring font encoding OML on input line 567.
LaTeX Font Info:    Redeclaring font encoding OMS on input line 568.
\macc@depth=\count92
\c@MaxMatrixCols=\count93
\dotsspace@=\muskip10
\c@parentequation=\count94
\dspbrk@lvl=\count95
\tag@help=\toks15
\row@=\count96
\column@=\count97
\maxfields@=\count98
\andhelp@=\toks16
\eqnshift@=\dimen106
\alignsep@=\dimen107
\tagshift@=\dimen108
\tagwidth@=\dimen109
\totwidth@=\dimen110
\lineht@=\dimen111
\@envbody=\toks17
\multlinegap=\skip44
\multlinetaggap=\skip45
\mathdisplay@stack=\toks18
LaTeX Info: Redefining \[ on input line 2666.
LaTeX Info: Redefining \] on input line 2667.
)
(I:\bftruthtable\texput.aux)
LaTeX Font Info:    Checking defaults for OML/cmm/m/it on input line 0.
LaTeX Font Info:    ... okay on input line 0.
LaTeX Font Info:    Checking defaults for T1/cmr/m/n on input line 0.
LaTeX Font Info:    ... okay on input line 0.
LaTeX Font Info:    Checking defaults for OT1/cmr/m/n on input line 0.
LaTeX Font Info:    ... okay on input line 0.
LaTeX Font Info:    Checking defaults for OMS/cmsy/m/n on input line 0.
LaTeX Font Info:    ... okay on input line 0.
LaTeX Font Info:    Checking defaults for OMX/cmex/m/n on input line 0.
LaTeX Font Info:    ... okay on input line 0.
LaTeX Font Info:    Checking defaults for U/cmr/m/n on input line 0.
LaTeX Font Info:    ... okay on input line 0.

*
(Please type a command or say `\end')
*
(Please type a command or say `\end')
*\begin{description}

*        \item[\begin{math}g(p,q) =  \sim ((p \wedge q)  \vee   \sim (p  \vee  
q))\end{math}] \hfill \\

*	\begin{tabular}{

*	|c

*	|c

*	|c

*	|}

*	\hline

*
(Please type a command or say `\end')
*	p 		& q 	& g \\

*	\hline

*
(Please type a command or say `\end')
*		0 			& 0 			& 0 		\\

*
(Please type a command or say `\end')
*		0 			& 1 			& 1 		\\

*
(Please type a command or say `\end')
*		1 			& 0 			& 1 		\\

*
(Please type a command or say `\end')
*		1 			& 1 			& 0 		\\

*	\hline

*	\end{tabular}

*        \item[\begin{math}f(p,q,r) =  \sim p  \wedge  ( q  \vee   \sim r)\end{
math}] \hfill \\

*	\begin{tabular}{

*	|c

*	|c

*	|c

*	|c

*	|}

*	\hline

*
(Please type a command or say `\end')
*	p 		& q 		& r 	& f \\

*	\hline

*
(Please type a command or say `\end')
*		0 			& 0 			& 0 			& 1 		\\

*
(Please type a command or say `\end')
*		0 			& 0 			& 1 			& 0 		\\

*
(Please type a command or say `\end')
*		0 			& 1 			& 0 			& 1 		\\

*
(Please type a command or say `\end')
*		0 			& 1 			& 1 			& 1 		\\

*
(Please type a command or say `\end')
*		1 			& 0 			& 0 			& 0 		\\

*
(Please type a command or say `\end')
*		1 			& 0 			& 1 			& 0 		\\

*
(Please type a command or say `\end')
*		1 			& 1 			& 0 			& 0 		\\

*
(Please type a command or say `\end')
*		1 			& 1 			& 1 			& 0 		\\

*	\hline

*	\end{tabular}

*\end{description}

*\end{document}
[1

{C:/Documents and Settings/All Users/Application Data/MiKTeX/2.9/pdftex/config/
pdftex.map}] (I:\bftruthtable\texput.aux) 
Here is how much of TeX's memory you used:
 804 strings out of 494049
 8903 string characters out of 3148423
 61880 words of memory out of 3000000
 4163 multiletter control sequences out of 15000+200000
 4402 words of font info for 17 fonts, out of 3000000 for 9000
 715 hyphenation exceptions out of 8191
 26i,6n,20p,208b,155s stack positions out of 5000i,500n,10000p,200000b,50000s
<C:/Program Files/MiKTeX 2.9/fonts/typ
e1/public/amsfonts/cm/cmmi10.pfb><C:/Program Files/MiKTeX 2.9/fonts/type1/publi
c/amsfonts/cm/cmr10.pfb><C:/Program Files/MiKTeX 2.9/fonts/type1/public/amsfont
s/cm/cmsy10.pfb>
Output written on texput.pdf (1 page, 30258 bytes).
PDF statistics:
 18 PDF objects out of 1000 (max. 8388607)
 0 named destinations out of 1000 (max. 500000)
 1 words of extra memory for PDF output out of 10000 (max. 10000000)

